g:\project\topsamlysystem\top samly system\top samly system\x64\release\vc143.pdb
g:\project\topsamlysystem\top samly system\top samly system\x64\release\load.obj
g:\project\topsamlysystem\top samly system\top samly system\x64\release\main.obj
g:\project\topsamlysystem\top samly system\top samly system\x64\release\loginui.obj
g:\project\topsamlysystem\top samly system\top samly system\x64\release\hashe.obj
g:\project\topsamlysystem\top samly system\x64\release\top samly system.exe
g:\project\topsamlysystem\top samly system\x64\release\top samly system.pdb
g:\project\topsamlysystem\top samly system\top samly system\x64\release\top samly system.ipdb
g:\project\topsamlysystem\top samly system\top samly system\x64\release\top samly system.iobj
g:\project\topsamlysystem\top samly system\top samly system\x64\release\datas.obj
g:\project\topsamlysystem\top samly system\top samly system\x64\release\powersupply.obj
g:\project\topsamlysystem\top samly system\top samly system\x64\release\top samly system.obj
g:\project\topsamlysystem\top samly system\top samly system\x64\release\top samly system.tlog\cl.command.1.tlog
g:\project\topsamlysystem\top samly system\top samly system\x64\release\top samly system.tlog\cl.items.tlog
g:\project\topsamlysystem\top samly system\top samly system\x64\release\top samly system.tlog\cl.read.1.tlog
g:\project\topsamlysystem\top samly system\top samly system\x64\release\top samly system.tlog\cl.write.1.tlog
g:\project\topsamlysystem\top samly system\top samly system\x64\release\top samly system.tlog\link.command.1.tlog
g:\project\topsamlysystem\top samly system\top samly system\x64\release\top samly system.tlog\link.read.1.tlog
g:\project\topsamlysystem\top samly system\top samly system\x64\release\top samly system.tlog\link.secondary.1.tlog
g:\project\topsamlysystem\top samly system\top samly system\x64\release\top samly system.tlog\link.write.1.tlog
